[debug] [2022-07-28T09:20:31.359Z] ----------------------------------------------------------------------
[debug] [2022-07-28T09:20:31.361Z] Command:       C:\Program Files\nodejs\node.exe C:\Users\developer\AppData\Roaming\npm\node_modules\firebase-tools\lib\bin\firebase.js login
[debug] [2022-07-28T09:20:31.361Z] CLI Version:   11.4.0
[debug] [2022-07-28T09:20:31.361Z] Platform:      win32
[debug] [2022-07-28T09:20:31.361Z] Node Version:  v18.7.0
[debug] [2022-07-28T09:20:31.362Z] Time:          Thu Jul 28 2022 14:50:31 GMT+0530 (India Standard Time)
[debug] [2022-07-28T09:20:31.362Z] ----------------------------------------------------------------------
[debug] 
[debug] [2022-07-28T09:20:31.364Z] >>> [apiv2][query] GET https://firebase-public.firebaseio.com/cli.json [none]
[info] i  Firebase optionally collects CLI usage and error reporting information to help improve our products. Data is collected in accordance with Google's privacy policy (https://policies.google.com/privacy) and is not used to identify you.
 
[debug] [2022-07-28T09:20:32.238Z] <<< [apiv2][status] GET https://firebase-public.firebaseio.com/cli.json 200
[debug] [2022-07-28T09:20:32.238Z] <<< [apiv2][body] GET https://firebase-public.firebaseio.com/cli.json {"cloudBuildErrorAfter":1594252800000,"cloudBuildWarnAfter":1590019200000,"defaultNode10After":1594252800000,"minVersion":"3.0.5","node8DeploysDisabledAfter":1613390400000,"node8RuntimeDisabledAfter":1615809600000,"node8WarnAfter":1600128000000}
[info] i  To change your data collection preference at any time, run `firebase logout` and log in again. 
[info] 
[info] Visit this URL on this device to log in:
[info] https://accounts.google.com/o/oauth2/auth?client_id=563584335869-fgrhgmd47bqnekij5i8b5pr03ho849e6.apps.googleusercontent.com&scope=email%20openid%20https%3A%2F%2Fwww.googleapis.com%2Fauth%2Fcloudplatformprojects.readonly%20https%3A%2F%2Fwww.googleapis.com%2Fauth%2Ffirebase%20https%3A%2F%2Fwww.googleapis.com%2Fauth%2Fcloud-platform&response_type=code&state=859144318&redirect_uri=http%3A%2F%2Flocalhost%3A9005
[info] 
[info] Waiting for authentication...
[debug] [2022-07-28T09:20:59.140Z] >>> [apiv2][query] POST https://auth.firebase.tools/attest [none]
[debug] [2022-07-28T09:20:59.141Z] >>> [apiv2][body] POST https://auth.firebase.tools/attest {"session_id":"c4e62e30-07e6-4b06-b73e-c3b160c72b7d"}
[debug] [2022-07-28T09:20:59.880Z] <<< [apiv2][status] POST https://auth.firebase.tools/attest 200
[debug] [2022-07-28T09:20:59.881Z] <<< [apiv2][body] POST https://auth.firebase.tools/attest {"token":"c-UJ2loBbuKyF5RWvMYGxHrndFzEa6Gr75F3akYONM4"}
[info] 
[info] To sign in to the Firebase CLI:
[info] 
[info] 1. Take note of your session ID:
[info] 
[info]    C4E62
[info] 
[info] 2. Visit the URL below on any device and follow the instructions to get your code:
[info] 
[info]    https://auth.firebase.tools/login?code_challenge=vioJQ3tldLqk8gZhoeS4pEb3OIcJU3I2L8rNzuOG2Ug&session=c4e62e30-07e6-4b06-b73e-c3b160c72b7d&attest=c-UJ2loBbuKyF5RWvMYGxHrndFzEa6Gr75F3akYONM4
[info] 
[info] 3. Paste or enter the authorization code below once you have it:
[info] 
